BillysRecipe/app/build/intermediates/manifest_merge_blame_file/debug/manifest-merger-blame-debug-report.txt
1<?xml version="1.0" encoding="utf-8"?>
2<manifest xmlns:android="http://schemas.android.com/apk/res/android"
3    package="kr.ac.ssu.billysrecipe"
4    android:versionCode="1"
5    android:versionName="1.0" >
6
7    <uses-sdk
8        android:minSdkVersion="23"
8-->src/main/AndroidManifest.xml
9        android:targetSdkVersion="29" />
9-->src/main/AndroidManifest.xml
10
11    <uses-permission android:name="android.permission.INTERNET" /> <!-- 카메라 및 저장소 접근 권한 -->
11-->src/main/AndroidManifest.xml:5:5-67
11-->src/main/AndroidManifest.xml:5:22-64
12    <uses-permission android:name="android.permission.CAMERA" />
12-->src/main/AndroidManifest.xml:6:5-65
12-->src/main/AndroidManifest.xml:6:22-62
13    <uses-permission
13-->src/main/AndroidManifest.xml:8:5-10:38
14        android:name="android.permission.WRITE_EXTERNAL_STORAGE"
14-->src/main/AndroidManifest.xml:9:9-65
15        android:maxSdkVersion="18" /> <!-- 카메라 기능 권한 -->
15-->src/main/AndroidManifest.xml:10:9-35
16    <uses-feature android:name="android.hardware.camera" />
16-->src/main/AndroidManifest.xml:11:5-60
16-->src/main/AndroidManifest.xml:11:19-57
17    <uses-feature android:name="android.hardware.camera2" />
17-->src/main/AndroidManifest.xml:12:5-61
17-->src/main/AndroidManifest.xml:12:19-58
18    <uses-feature android:name="android.hardware.camera.autofocus" />
18-->src/main/AndroidManifest.xml:13:5-70
18-->src/main/AndroidManifest.xml:13:19-67
19    <uses-feature
19-->[com.otaliastudios:cameraview:2.6.4] AndroidManifest.xml:27:5-29:36
20        android:name="android.hardware.camera.front"
20-->[com.otaliastudios:cameraview:2.6.4] AndroidManifest.xml:28:9-53
21        android:required="false" />
21-->[com.otaliastudios:cameraview:2.6.4] AndroidManifest.xml:29:9-33
22    <uses-feature
22-->[com.otaliastudios:cameraview:2.6.4] AndroidManifest.xml:30:5-32:36
23        android:name="android.hardware.microphone"
23-->[com.otaliastudios:cameraview:2.6.4] AndroidManifest.xml:31:9-51
24        android:required="false" />
24-->[com.otaliastudios:cameraview:2.6.4] AndroidManifest.xml:32:9-33
25
26    <application
26-->src/main/AndroidManifest.xml:16:5-64:19
27        android:allowBackup="true"
27-->src/main/AndroidManifest.xml:17:9-35
28        android:appComponentFactory="androidx.core.app.CoreComponentFactory"
28-->[androidx.core:core:1.3.1] AndroidManifest.xml:24:18-86
29        android:debuggable="true"
30        android:extractNativeLibs="false"
31        android:fullBackupContent="true"
31-->src/main/AndroidManifest.xml:18:9-41
32        android:icon="@mipmap/ic_launcher"
32-->src/main/AndroidManifest.xml:19:9-43
33        android:label="@string/app_name"
33-->src/main/AndroidManifest.xml:20:9-41
34        android:roundIcon="@mipmap/ic_launcher_round"
34-->src/main/AndroidManifest.xml:21:9-54
35        android:supportsRtl="true"
35-->src/main/AndroidManifest.xml:22:9-35
36        android:testOnly="true"
37        android:theme="@style/AppTheme"
37-->src/main/AndroidManifest.xml:23:9-40
38        android:usesCleartextTraffic="true" >
38-->src/main/AndroidManifest.xml:24:9-44
39        <activity android:name="kr.ac.ssu.billysrecipe.LaunchActivity" >
39-->src/main/AndroidManifest.xml:25:9-32:20
39-->src/main/AndroidManifest.xml:26:13-65
40            <intent-filter>
40-->src/main/AndroidManifest.xml:27:13-31:29
41                <action android:name="android.intent.action.MAIN" />
41-->src/main/AndroidManifest.xml:28:17-69
41-->src/main/AndroidManifest.xml:28:25-66
42
43                <category android:name="android.intent.category.LAUNCHER" />
43-->src/main/AndroidManifest.xml:30:17-77
43-->src/main/AndroidManifest.xml:30:27-74
44            </intent-filter>
45        </activity>
46        <activity android:name="kr.ac.ssu.billysrecipe.User.SignInActivity" >
46-->src/main/AndroidManifest.xml:34:9-36:20
46-->src/main/AndroidManifest.xml:35:13-70
47        </activity>
48        <activity android:name="kr.ac.ssu.billysrecipe.User.SignUpActivity" >
48-->src/main/AndroidManifest.xml:37:9-39:20
48-->src/main/AndroidManifest.xml:38:13-70
49        </activity>
50        <activity
50-->src/main/AndroidManifest.xml:41:9-43:48
51            android:name="kr.ac.ssu.billysrecipe.MainActivity"
51-->src/main/AndroidManifest.xml:42:13-63
52            android:label="@string/app_name" />
52-->src/main/AndroidManifest.xml:43:13-45
53        <activity android:name="kr.ac.ssu.billysrecipe.Camera.GetReceiptActivity" />
53-->src/main/AndroidManifest.xml:44:9-45:79
53-->src/main/AndroidManifest.xml:45:13-76
54        <activity
54-->src/main/AndroidManifest.xml:46:9-50:20
55            android:name="kr.ac.ssu.billysrecipe.Camera.CameraActivity"
55-->src/main/AndroidManifest.xml:47:13-72
56            android:configChanges="orientation|keyboardHidden|screenSize"
56-->src/main/AndroidManifest.xml:48:13-74
57            android:screenOrientation="portrait" >
57-->src/main/AndroidManifest.xml:49:13-49
58        </activity>
59        <activity
59-->src/main/AndroidManifest.xml:52:9-56:20
60            android:name="kr.ac.ssu.billysrecipe.Camera.UploadActivity"
60-->src/main/AndroidManifest.xml:53:13-72
61            android:configChanges="orientation|keyboardHidden|screenSize"
61-->src/main/AndroidManifest.xml:54:13-74
62            android:screenOrientation="portrait" >
62-->src/main/AndroidManifest.xml:55:13-49
63        </activity>
64        <activity
64-->src/main/AndroidManifest.xml:57:9-61:20
65            android:name="kr.ac.ssu.billysrecipe.Camera.CropActivity"
65-->src/main/AndroidManifest.xml:58:13-70
66            android:configChanges="orientation|keyboardHidden|screenSize"
66-->src/main/AndroidManifest.xml:59:13-74
67            android:screenOrientation="portrait" >
67-->src/main/AndroidManifest.xml:60:13-49
68        </activity>
69        <activity android:name="kr.ac.ssu.billysrecipe.recipe.RecipeIntroduction" />
69-->src/main/AndroidManifest.xml:62:9-63:79
69-->src/main/AndroidManifest.xml:63:13-76
70
71        <service
71-->[androidx.room:room-runtime:2.2.5] AndroidManifest.xml:25:9-28:40
72            android:name="androidx.room.MultiInstanceInvalidationService"
72-->[androidx.room:room-runtime:2.2.5] AndroidManifest.xml:26:13-74
73            android:directBootAware="true"
73-->[androidx.room:room-runtime:2.2.5] AndroidManifest.xml:27:13-43
74            android:exported="false" />
74-->[androidx.room:room-runtime:2.2.5] AndroidManifest.xml:28:13-37
75
76        <meta-data
76-->[com.google.android.gms:play-services-basement:17.4.0] AndroidManifest.xml:23:9-25:69
77            android:name="com.google.android.gms.version"
77-->[com.google.android.gms:play-services-basement:17.4.0] AndroidManifest.xml:24:13-58
78            android:value="@integer/google_play_services_version" />
78-->[com.google.android.gms:play-services-basement:17.4.0] AndroidManifest.xml:25:13-66
79
80        <provider
80-->[androidx.lifecycle:lifecycle-process:2.2.0] AndroidManifest.xml:25:9-29:43
81            android:name="androidx.lifecycle.ProcessLifecycleOwnerInitializer"
81-->[androidx.lifecycle:lifecycle-process:2.2.0] AndroidManifest.xml:26:13-79
82            android:authorities="kr.ac.ssu.billysrecipe.lifecycle-process"
82-->[androidx.lifecycle:lifecycle-process:2.2.0] AndroidManifest.xml:27:13-69
83            android:exported="false"
83-->[androidx.lifecycle:lifecycle-process:2.2.0] AndroidManifest.xml:28:13-37
84            android:multiprocess="true" />
84-->[androidx.lifecycle:lifecycle-process:2.2.0] AndroidManifest.xml:29:13-40
85    </application>
86
87</manifest>